<?xml version="1.0" encoding="UTF-8"?>
<!-- Generated by org.testng.reporters.JUnitXMLReporter -->
<testsuite hostname="DESKTOP-8SE8GSP" ignored="0" name="Contacts Page Testcases" tests="6" failures="0" timestamp="16 Apr 2020 18:20:20 GMT" time="339.698" errors="0">
  <testcase name="createNewContact" time="19.614" classname="com.insightly.qa.testcases.ContactsPageTest"/>
  <testcase name="createNewContact" time="18.299" classname="com.insightly.qa.testcases.ContactsPageTest"/>
  <testcase name="createNewContact" time="18.714" classname="com.insightly.qa.testcases.ContactsPageTest"/>
  <testcase name="createNewContact" time="16.553" classname="com.insightly.qa.testcases.ContactsPageTest"/>
  <testcase name="createNewContact" time="15.882" classname="com.insightly.qa.testcases.ContactsPageTest"/>
  <testcase name="createNewContact" time="19.833" classname="com.insightly.qa.testcases.ContactsPageTest"/>
</testsuite> <!-- Contacts Page Testcases -->
