<?xml version="1.0" encoding="UTF-8"?>
<!-- Generated by org.testng.reporters.JUnitXMLReporter -->
<testsuite hostname="DESKTOP-8SE8GSP" ignored="0" name="Home page and Contacts Page Testcases" tests="6" failures="0" timestamp="16 Apr 2020 17:37:39 GMT" time="340.423" errors="0">
  <testcase name="createNewContact" time="21.928" classname="com.insightly.qa.testcases.ContactsPageTest"/>
  <testcase name="createNewContact" time="19.659" classname="com.insightly.qa.testcases.ContactsPageTest"/>
  <testcase name="createNewContact" time="20.225" classname="com.insightly.qa.testcases.ContactsPageTest"/>
  <testcase name="createNewContact" time="16.394" classname="com.insightly.qa.testcases.ContactsPageTest"/>
  <testcase name="createNewContact" time="16.854" classname="com.insightly.qa.testcases.ContactsPageTest"/>
  <testcase name="createNewContact" time="19.623" classname="com.insightly.qa.testcases.ContactsPageTest"/>
</testsuite> <!-- Home page and Contacts Page Testcases -->
