<?xml version="1.0" encoding="UTF-8"?>
<!-- Generated by org.testng.reporters.JUnitXMLReporter -->
<testsuite hostname="DESKTOP-8SE8GSP" ignored="0" name="Welcome Page And Login Test Cases" tests="2" failures="0" timestamp="17 Apr 2020 11:36:52 GMT" time="56.099" errors="0">
  <testcase name="welcomePageTitle" time="0.32" classname="com.insightly.qa.testcases.WelcomePageTest"/>
  <testcase name="insigtlyLogin" time="23.042" classname="com.insightly.qa.testcases.LoginPageTest"/>
</testsuite> <!-- Welcome Page And Login Test Cases -->
